# JRE version: Java(TM) SE Runtime Environment (8.0_11-b12) (build 1.8.0_11-b12)
# Java VM: Java HotSpot(TM) 64-Bit Server VM (25.11-b03 mixed mode bsd-amd64 compressed oops)
Heap:
 PSYoungGen      total 278016K, used 219068K [0x0000000795580000, 0x00000007b7c80000, 0x00000007c0000000)
  eden space 277504K, 78% used [0x0000000795580000,0x00000007a2b4b378,0x00000007a6480000)
  from space 512K, 28% used [0x00000007b7b80000,0x00000007b7ba3f08,0x00000007b7c00000)
  to   space 512K, 0% used [0x00000007b7c00000,0x00000007b7c00000,0x00000007b7c80000)
 ParOldGen       total 9216K, used 9006K [0x0000000740000000, 0x0000000740900000, 0x0000000795580000)
  object space 9216K, 97% used [0x0000000740000000,0x00000007408cb9f8,0x0000000740900000)
 Metaspace       used 22876K, capacity 23116K, committed 23296K, reserved 1069056K
  class space    used 2944K, capacity 3017K, committed 3072K, reserved 1048576K
GC Heap History (10 events):
Event: 65.388 GC heap before
{Heap before GC invocations=206 (full 3):
 PSYoungGen      total 247808K, used 247424K [0x0000000795580000, 0x00000007b7c80000, 0x00000007c0000000)
  eden space 247296K, 100% used [0x0000000795580000,0x00000007a4700000,0x00000007a4700000)
  from space 512K, 25% used [0x00000007b7c00000,0x00000007b7c20000,0x00000007b7c80000)
  to   space 512K, 0% used [0x00000007b7b80000,0x00000007b7b80000,0x00000007b7c00000)
 ParOldGen       total 9216K, used 8798K [0x0000000740000000, 0x0000000740900000, 0x0000000795580000)
  object space 9216K, 95% used [0x0000000740000000,0x00000007408979e0,0x0000000740900000)
 Metaspace       used 22816K, capacity 23052K, committed 23296K, reserved 1069056K
  class space    used 2938K, capacity 3017K, committed 3072K, reserved 1048576K
Event: 65.389 GC heap after
Heap after GC invocations=206 (full 3):
 PSYoungGen      total 284160K, used 132K [0x0000000795580000, 0x00000007b7c80000, 0x00000007c0000000)
  eden space 283648K, 0% used [0x0000000795580000,0x0000000795580000,0x00000007a6a80000)
  from space 512K, 25% used [0x00000007b7b80000,0x00000007b7ba1210,0x00000007b7c00000)
  to   space 512K, 0% used [0x00000007b7c00000,0x00000007b7c00000,0x00000007b7c80000)
 ParOldGen       total 9216K, used 8862K [0x0000000740000000, 0x0000000740900000, 0x0000000795580000)
  object space 9216K, 96% used [0x0000000740000000,0x00000007408a79b0,0x0000000740900000)
 Metaspace       used 22816K, capacity 23052K, committed 23296K, reserved 1069056K
  class space    used 2938K, capacity 3017K, committed 3072K, reserved 1048576K
}
Event: 65.883 GC heap before
{Heap before GC invocations=207 (full 3):
 PSYoungGen      total 284160K, used 283780K [0x0000000795580000, 0x00000007b7c80000, 0x00000007c0000000)
  eden space 283648K, 100% used [0x0000000795580000,0x00000007a6a80000,0x00000007a6a80000)
  from space 512K, 25% used [0x00000007b7b80000,0x00000007b7ba1210,0x00000007b7c00000)
  to   space 512K, 0% used [0x00000007b7c00000,0x00000007b7c00000,0x00000007b7c80000)
 ParOldGen       total 9216K, used 8862K [0x0000000740000000, 0x0000000740900000, 0x0000000795580000)
  object space 9216K, 96% used [0x0000000740000000,0x00000007408a79b0,0x0000000740900000)
 Metaspace       used 22816K, capacity 23052K, committed 23296K, reserved 1069056K
  class space    used 2938K, capacity 3017K, committed 3072K, reserved 1048576K
Event: 65.884 GC heap after
Heap after GC invocations=207 (full 3):
 PSYoungGen      total 323072K, used 157K [0x0000000795580000, 0x00000007b7c80000, 0x00000007c0000000)
  eden space 322560K, 0% used [0x0000000795580000,0x0000000795580000,0x00000007a9080000)
  from space 512K, 30% used [0x00000007b7c00000,0x00000007b7c275c0,0x00000007b7c80000)
  to   space 512K, 0% used [0x00000007b7b80000,0x00000007b7b80000,0x00000007b7c00000)
 ParOldGen       total 9216K, used 8870K [0x0000000740000000, 0x0000000740900000, 0x0000000795580000)
  object space 9216K, 96% used [0x0000000740000000,0x00000007408a99b0,0x0000000740900000)
 Metaspace       used 22816K, capacity 23052K, committed 23296K, reserved 1069056K
  class space    used 2938K, capacity 3017K, committed 3072K, reserved 1048576K
}
Event: 66.380 GC heap before
{Heap before GC invocations=208 (full 3):
 PSYoungGen      total 323072K, used 322717K [0x0000000795580000, 0x00000007b7c80000, 0x00000007c0000000)
  eden space 322560K, 100% used [0x0000000795580000,0x00000007a9080000,0x00000007a9080000)
  from space 512K, 30% used [0x00000007b7c00000,0x00000007b7c275c0,0x00000007b7c80000)
  to   space 512K, 0% used [0x00000007b7b80000,0x00000007b7b80000,0x00000007b7c00000)
 ParOldGen       total 9216K, used 8870K [0x0000000740000000, 0x0000000740900000, 0x0000000795580000)
  object space 9216K, 96% used [0x0000000740000000,0x00000007408a99b0,0x0000000740900000)
 Metaspace       used 22816K, capacity 23052K, committed 23296K, reserved 1069056K
  class space    used 2938K, capacity 3017K, committed 3072K, reserved 1048576K
Event: 66.381 GC heap after
Heap after GC invocations=208 (full 3):
 PSYoungGen      total 307200K, used 155K [0x0000000795580000, 0x00000007b7c80000, 0x00000007c0000000)
  eden space 306688K, 0% used [0x0000000795580000,0x0000000795580000,0x00000007a8100000)
  from space 512K, 30% used [0x00000007b7b80000,0x00000007b7ba6e90,0x00000007b7c00000)
  to   space 512K, 0% used [0x00000007b7c00000,0x00000007b7c00000,0x00000007b7c80000)
 ParOldGen       total 9216K, used 8918K [0x0000000740000000, 0x0000000740900000, 0x0000000795580000)
  object space 9216K, 96% used [0x0000000740000000,0x00000007408b59b0,0x0000000740900000)
 Metaspace       used 22816K, capacity 23052K, committed 23296K, reserved 1069056K
  class space    used 2938K, capacity 3017K, committed 3072K, reserved 1048576K
}
Event: 66.877 GC heap before
{Heap before GC invocations=209 (full 3):
 PSYoungGen      total 307200K, used 306843K [0x0000000795580000, 0x00000007b7c80000, 0x00000007c0000000)
  eden space 306688K, 100% used [0x0000000795580000,0x00000007a8100000,0x00000007a8100000)
  from space 512K, 30% used [0x00000007b7b80000,0x00000007b7ba6e90,0x00000007b7c00000)
  to   space 512K, 0% used [0x00000007b7c00000,0x00000007b7c00000,0x00000007b7c80000)
 ParOldGen       total 9216K, used 8918K [0x0000000740000000, 0x0000000740900000, 0x0000000795580000)
  object space 9216K, 96% used [0x0000000740000000,0x00000007408b59b0,0x0000000740900000)
 Metaspace       used 22816K, capacity 23052K, committed 23296K, reserved 1069056K
  class space    used 2938K, capacity 3017K, committed 3072K, reserved 1048576K
Event: 66.878 GC heap after
Heap after GC invocations=209 (full 3):
 PSYoungGen      total 292352K, used 151K [0x0000000795580000, 0x00000007b7c80000, 0x00000007c0000000)
  eden space 291840K, 0% used [0x0000000795580000,0x0000000795580000,0x00000007a7280000)
  from space 512K, 29% used [0x00000007b7c00000,0x00000007b7c25d00,0x00000007b7c80000)
  to   space 512K, 0% used [0x00000007b7b80000,0x00000007b7b80000,0x00000007b7c00000)
 ParOldGen       total 9216K, used 8966K [0x0000000740000000, 0x0000000740900000, 0x0000000795580000)
  object space 9216K, 97% used [0x0000000740000000,0x00000007408c19f8,0x0000000740900000)
 Metaspace       used 22816K, capacity 23052K, committed 23296K, reserved 1069056K
  class space    used 2938K, capacity 3017K, committed 3072K, reserved 1048576K
}
Event: 67.369 GC heap before
{Heap before GC invocations=210 (full 3):
 PSYoungGen      total 292352K, used 291991K [0x0000000795580000, 0x00000007b7c80000, 0x00000007c0000000)
  eden space 291840K, 100% used [0x0000000795580000,0x00000007a7280000,0x00000007a7280000)
  from space 512K, 29% used [0x00000007b7c00000,0x00000007b7c25d00,0x00000007b7c80000)
  to   space 512K, 0% used [0x00000007b7b80000,0x00000007b7b80000,0x00000007b7c00000)
 ParOldGen       total 9216K, used 8966K [0x0000000740000000, 0x0000000740900000, 0x0000000795580000)
  object space 9216K, 97% used [0x0000000740000000,0x00000007408c19f8,0x0000000740900000)
 Metaspace       used 22829K, capacity 23052K, committed 23296K, reserved 1069056K
  class space    used 2938K, capacity 3017K, committed 3072K, reserved 1048576K
Event: 67.370 GC heap after
Heap after GC invocations=210 (full 3):
 PSYoungGen      total 278016K, used 143K [0x0000000795580000, 0x00000007b7c80000, 0x00000007c0000000)
  eden space 277504K, 0% used [0x0000000795580000,0x0000000795580000,0x00000007a6480000)
  from space 512K, 28% used [0x00000007b7b80000,0x00000007b7ba3f08,0x00000007b7c00000)
  to   space 512K, 0% used [0x00000007b7c00000,0x00000007b7c00000,0x00000007b7c80000)
 ParOldGen       total 9216K, used 9006K [0x0000000740000000, 0x0000000740900000, 0x0000000795580000)
  object space 9216K, 97% used [0x0000000740000000,0x00000007408cb9f8,0x0000000740900000)
 Metaspace       used 22829K, capacity 23052K, committed 23296K, reserved 1069056K
  class space    used 2938K, capacity 3017K, committed 3072K, reserved 1048576K
}

